<?xml version="1.0" encoding="UTF-8"?>
<!-- Generated by org.testng.reporters.JUnitReportReporter -->
<testsuite hostname="DESKTOP-BU8NB9Q" failures="0" tests="1" name="pack1.Xml_Reports" time="0.000" errors="0" timestamp="2024-07-26T16:21:20 IST" skipped="1">
  <testcase classname="pack1.Xml_Reports" name="loginpage" time="0.000">
    <skipped/>
  </testcase> <!-- loginpage -->
  <system-out/>
</testsuite> <!-- pack1.Xml_Reports -->
